<?xml version="1.0" encoding="UTF-8"?>
<testng-results ignored="0" total="1" passed="1" failed="0" skipped="0">
  <reporter-output>
    <line>
      <![CDATA[connected to database]]>
    </line>
    <line>
      <![CDATA[Browser is launched]]>
    </line>
    <line>
      <![CDATA[browser is closed]]>
    </line>
    <line>
      <![CDATA[database connection is closed]]>
    </line>
  </reporter-output>
  <suite started-at="2023-07-14T22:42:44 IST" name="Default suite" finished-at="2023-07-14T22:43:13 IST" duration-ms="29122">
    <groups>
      <group name="regression">
        <method signature="DetailmoduSyBaseClassTest.details()[pri:0, instance:houserental_automateTest.DetailmoduSyBaseClassTest@6e2829c7]" name="details" class="houserental_automateTest.DetailmoduSyBaseClassTest"/>
      </group> <!-- regression -->
    </groups>
    <test started-at="2023-07-14T22:42:44 IST" name="Default test" finished-at="2023-07-14T22:43:13 IST" duration-ms="29122">
      <class name="houserental_automateTest.DetailmoduSyBaseClassTest">
        <test-method is-config="true" signature="connectToDB()[pri:0, instance:houserental_automateTest.DetailmoduSyBaseClassTest@6e2829c7]" started-at="2023-07-14T22:42:43 IST" name="connectToDB" finished-at="2023-07-14T22:42:44 IST" duration-ms="1174" status="PASS">
          <reporter-output>
            <line>
              <![CDATA[connected to database]]>
            </line>
          </reporter-output>
        </test-method> <!-- connectToDB -->
        <test-method is-config="true" signature="launchTheBrowser()[pri:0, instance:houserental_automateTest.DetailmoduSyBaseClassTest@6e2829c7]" started-at="2023-07-14T22:42:44 IST" name="launchTheBrowser" finished-at="2023-07-14T22:42:49 IST" duration-ms="4117" status="PASS">
          <reporter-output>
            <line>
              <![CDATA[Browser is launched]]>
            </line>
          </reporter-output>
        </test-method> <!-- launchTheBrowser -->
        <test-method is-config="true" signature="loginToApplication()[pri:0, instance:houserental_automateTest.DetailmoduSyBaseClassTest@6e2829c7]" started-at="2023-07-14T22:42:49 IST" name="loginToApplication" finished-at="2023-07-14T22:42:49 IST" duration-ms="719" status="PASS">
          <reporter-output>
          </reporter-output>
        </test-method> <!-- loginToApplication -->
        <test-method signature="details()[pri:0, instance:houserental_automateTest.DetailmoduSyBaseClassTest@6e2829c7]" started-at="2023-07-14T22:42:49 IST" name="details" finished-at="2023-07-14T22:43:13 IST" duration-ms="23603" status="PASS">
          <reporter-output>
          </reporter-output>
        </test-method> <!-- details -->
        <test-method is-config="true" signature="logoutFromTheApplication()[pri:0, instance:houserental_automateTest.DetailmoduSyBaseClassTest@6e2829c7]" started-at="2023-07-14T22:43:13 IST" name="logoutFromTheApplication" finished-at="2023-07-14T22:43:13 IST" duration-ms="1" status="PASS">
          <reporter-output>
          </reporter-output>
        </test-method> <!-- logoutFromTheApplication -->
        <test-method is-config="true" signature="closeTheBrowser()[pri:0, instance:houserental_automateTest.DetailmoduSyBaseClassTest@6e2829c7]" started-at="2023-07-14T22:43:13 IST" name="closeTheBrowser" finished-at="2023-07-14T22:43:13 IST" duration-ms="387" status="PASS">
          <reporter-output>
            <line>
              <![CDATA[browser is closed]]>
            </line>
          </reporter-output>
        </test-method> <!-- closeTheBrowser -->
        <test-method is-config="true" signature="closeDB()[pri:0, instance:houserental_automateTest.DetailmoduSyBaseClassTest@6e2829c7]" started-at="2023-07-14T22:43:14 IST" name="closeDB" finished-at="2023-07-14T22:43:14 IST" duration-ms="1" status="PASS">
          <reporter-output>
            <line>
              <![CDATA[database connection is closed]]>
            </line>
          </reporter-output>
        </test-method> <!-- closeDB -->
      </class> <!-- houserental_automateTest.DetailmoduSyBaseClassTest -->
    </test> <!-- Default test -->
  </suite> <!-- Default suite -->
</testng-results>
