<?xml version="1.0" encoding="UTF-8"?>
<!-- Generated by org.testng.reporters.JUnitXMLReporter -->
<testsuite ignored="4" hostname="DESKTOP-D60IPU2" failures="0" tests="2" name="class" time="13.667" errors="0" timestamp="2023-07-07T15:42:27 IST">
  <testcase classname="com.realestate.generic.BaseClass" name="@BeforeMethod loginToApplication" time="0.001">
    <failure type="java.lang.NullPointerException">
      <![CDATA[java.lang.NullPointerException
at java.base/java.io.FileInputStream.<init>(FileInputStream.java:150)
at java.base/java.io.FileInputStream.<init>(FileInputStream.java:112)
at com.realestate.generic.FileUtlity.getDataFromProperties(FileUtlity.java:36)
at com.realestate.generic.BaseClass.loginToApplication(BaseClass.java:64)
at java.base/java.util.ArrayList.forEach(ArrayList.java:1511)
... Removed 29 stack frames]]>
    </failure>
  </testcase> <!-- @BeforeMethod loginToApplication -->
  <testcase classname="com.realestate.generic.BaseClass" name="@AfterMethod logoutFromTheApplication" time="-1.688724747102E9">
    <skipped/>
  </testcase> <!-- @AfterMethod logoutFromTheApplication -->
  <testcase classname="houserental_Baseclass.DetailSystemBaseClass" name="detailSystemBase" time="6.82"/>
  <testcase classname="houserental_Baseclass.DetailmoduSyBaseClass" name="details" time="0.0">
    <skipped/>
  </testcase> <!-- details -->
  <testcase classname="com.realestate.generic.BaseClass" name="@BeforeSuite connectToDB" time="0.0">
    <ignored/>
  </testcase> <!-- @BeforeSuite connectToDB -->
  <testcase classname="com.realestate.generic.BaseClass" name="@AfterSuite closeDB" time="0.0">
    <ignored/>
  </testcase> <!-- @AfterSuite closeDB -->
  <testcase classname="com.realestate.generic.BaseClass" name="@BeforeTest launchTheBrowser" time="0.0">
    <ignored/>
  </testcase> <!-- @BeforeTest launchTheBrowser -->
  <testcase classname="com.realestate.generic.BaseClass" name="@AfterTest closeTheBrowser" time="0.0">
    <ignored/>
  </testcase> <!-- @AfterTest closeTheBrowser -->
</testsuite> <!-- class -->
