<?xml version="1.0" encoding="UTF-8"?>
<!-- Generated by org.testng.reporters.JUnitXMLReporter -->
<testsuite ignored="2" hostname="DESKTOP-7BKVPRA" failures="0" tests="2" name="Test" time="0.098" errors="0" timestamp="2023-07-10T00:08:53 PDT">
  <testcase classname="com.realestate.generic.BaseClass" name="@BeforeClass launchTheBrowser" time="0.001">
    <failure type="java.lang.Error" message="Unresolved compilation problem: 
	Cannot switch on a value of type String for source level below 1.7. Only convertible int values or enum variables are permitted
">
      <![CDATA[java.lang.Error: Unresolved compilation problem: 
Cannot switch on a value of type String for source level below 1.7. Only convertible int values or enum variables are permitted

at com.realestate.generic.BaseClass.launchTheBrowser(BaseClass.java:42)
at java.base/java.util.ArrayList.forEach(ArrayList.java:1511)
... Removed 25 stack frames]]>
    </failure>
  </testcase> <!-- @BeforeClass launchTheBrowser -->
  <testcase classname="com.realestate.generic.BaseClass" name="@BeforeMethod loginToApplication" time="0.0">
    <skipped/>
  </testcase> <!-- @BeforeMethod loginToApplication -->
  <testcase classname="com.realestate.generic.BaseClass" name="@AfterMethod logoutFromTheApplication" time="0.0">
    <skipped/>
  </testcase> <!-- @AfterMethod logoutFromTheApplication -->
  <testcase classname="com.realestate.generic.BaseClass" name="@AfterClass closeTheBrowser" time="0.0">
    <skipped/>
  </testcase> <!-- @AfterClass closeTheBrowser -->
  <testcase classname="com.realestate.generic.BaseClass" name="@BeforeClass launchTheBrowser" time="0.001">
    <failure type="java.lang.Error" message="Unresolved compilation problem: 
	Cannot switch on a value of type String for source level below 1.7. Only convertible int values or enum variables are permitted
">
      <![CDATA[java.lang.Error: Unresolved compilation problem: 
Cannot switch on a value of type String for source level below 1.7. Only convertible int values or enum variables are permitted

at com.realestate.generic.BaseClass.launchTheBrowser(BaseClass.java:42)
at java.base/java.util.ArrayList.forEach(ArrayList.java:1511)
... Removed 25 stack frames]]>
    </failure>
  </testcase> <!-- @BeforeClass launchTheBrowser -->
  <testcase classname="com.realestate.generic.BaseClass" name="@BeforeMethod loginToApplication" time="0.0">
    <skipped/>
  </testcase> <!-- @BeforeMethod loginToApplication -->
  <testcase classname="com.realestate.generic.BaseClass" name="@AfterMethod logoutFromTheApplication" time="0.0">
    <skipped/>
  </testcase> <!-- @AfterMethod logoutFromTheApplication -->
  <testcase classname="com.realestate.generic.BaseClass" name="@AfterClass closeTheBrowser" time="0.0">
    <skipped/>
  </testcase> <!-- @AfterClass closeTheBrowser -->
  <testcase classname="houserental_Baseclass.DetailSystemBaseClass" name="detailSystemBase" time="0.0">
    <skipped/>
  </testcase> <!-- detailSystemBase -->
  <testcase classname="houserental_Baseclass.DetailmoduSyBaseClass" name="details" time="0.0">
    <skipped/>
  </testcase> <!-- details -->
  <testcase classname="com.realestate.generic.BaseClass" name="@BeforeSuite connectToDB" time="0.0">
    <ignored/>
  </testcase> <!-- @BeforeSuite connectToDB -->
  <testcase classname="com.realestate.generic.BaseClass" name="@AfterSuite closeDB" time="0.0">
    <ignored/>
  </testcase> <!-- @AfterSuite closeDB -->
</testsuite> <!-- Test -->
